\BOOKMARK [1][-]{section.1}{\376\377\126\376\213\272}{}% 1
\BOOKMARK [2][-]{subsection.1.1}{\376\377\0002\000-\000S\000A\000T}{section.1}% 2
\BOOKMARK [3][-]{subsubsection.1.1.1}{\376\377\0002\000-\000S\000A\000T}{subsection.1.1}% 3
\BOOKMARK [2][-]{subsection.1.2}{\376\377\000D\000S\000U}{section.1}% 4
\BOOKMARK [2][-]{subsection.1.3}{\376\377\000L\000C\000A}{section.1}% 5
\BOOKMARK [3][-]{subsubsection.1.3.1}{\376\377\147\000\217\321\121\154\121\161\171\126\121\110}{subsection.1.3}% 6
\BOOKMARK [2][-]{subsection.1.4}{\376\377\116\214\122\006\126\376}{section.1}% 7
\BOOKMARK [3][-]{subsubsection.1.4.1}{\376\377\000a\000l\000l}{subsection.1.4}% 8
\BOOKMARK [3][-]{subsubsection.1.4.2}{\376\377\116\214\122\006\126\376\147\000\131\047\123\071\221\115}{subsection.1.4}% 9
\BOOKMARK [3][-]{subsubsection.1.4.3}{\376\377\116\214\122\006\126\376\147\000\131\047\147\103\120\074\123\071\221\115}{subsection.1.4}% 10
\BOOKMARK [3][-]{subsubsection.1.4.4}{\376\377\147\323\202\162\154\325}{subsection.1.4}% 11
\BOOKMARK [2][-]{subsection.1.5}{\376\377\147\000\134\017\165\037\142\020\150\021}{section.1}% 12
\BOOKMARK [3][-]{subsubsection.1.5.1}{\376\377\147\000\134\017\165\037\142\020\150\021}{subsection.1.5}% 13
\BOOKMARK [2][-]{subsection.1.6}{\376\377\147\000\167\355\215\357}{section.1}% 14
\BOOKMARK [3][-]{subsubsection.1.6.1}{\376\377\000B\000e\000l\000l\000m\000a\000n\000\040\000f\000o\000r\000d}{subsection.1.6}% 15
\BOOKMARK [3][-]{subsubsection.1.6.2}{\376\377\000F\000l\000o\000y\000d}{subsection.1.6}% 16
\BOOKMARK [3][-]{subsubsection.1.6.3}{\376\377\000a\000l\000l}{subsection.1.6}% 17
\BOOKMARK [3][-]{subsubsection.1.6.4}{\376\377\000d\000i\000j\000i\000k\000s\000t\000r\000a}{subsection.1.6}% 18
\BOOKMARK [3][-]{subsubsection.1.6.5}{\376\377\000s\000p\000f\000a}{subsection.1.6}% 19
\BOOKMARK [2][-]{subsection.1.7}{\376\377\217\336\220\032\140\047\377\010\000t\000a\000r\000j\000a\000n\377\011}{section.1}% 20
\BOOKMARK [3][-]{subsubsection.1.7.1}{\376\377\000a\000l\000l}{subsection.1.7}% 21
\BOOKMARK [3][-]{subsubsection.1.7.2}{\376\377\000t\000a\000r\000j\000a\000n\000\040\000S\000C\000C\177\051\160\271}{subsection.1.7}% 22
\BOOKMARK [3][-]{subsubsection.1.7.3}{\376\377\000t\000a\000r\000j\000a\000n\154\102\000e\000D\000C\000C}{subsection.1.7}% 23
\BOOKMARK [3][-]{subsubsection.1.7.4}{\376\377\000t\000a\000r\000j\000a\000n\154\102\000v\000D\000C\000C}{subsection.1.7}% 24
\BOOKMARK [3][-]{subsubsection.1.7.5}{\376\377\000t\000a\000r\000j\000a\000n\154\102\122\162\160\271}{subsection.1.7}% 25
\BOOKMARK [3][-]{subsubsection.1.7.6}{\376\377\000t\000a\000r\000j\000a\000n\154\102\122\162\217\271}{subsection.1.7}% 26
\BOOKMARK [3][-]{subsubsection.1.7.7}{\376\377\000t\000a\000r\000j\000a\000n\154\102\137\072\217\336\220\032\122\006\221\317}{subsection.1.7}% 27
\BOOKMARK [1][-]{section.2}{\376\377\116\214\122\006\000\046\116\011\122\006}{}% 28
\BOOKMARK [1][-]{section.3}{\376\377\121\370\123\005}{}% 29
\BOOKMARK [1][-]{section.4}{\376\377\226\104\137\125}{}% 30
\BOOKMARK [2][-]{subsection.4.1}{\376\377\000V\000S\000C\000o\000d\000e\213\276\177\156}{section.4}% 31
\BOOKMARK [2][-]{subsection.4.2}{\376\377\116\222\215\050\166\204\211\304\137\213}{section.4}% 32
\BOOKMARK [2][-]{subsection.4.3}{\376\377\136\070\145\160\210\150}{section.4}% 33
\BOOKMARK [2][-]{subsection.4.4}{\376\377\136\070\211\301\225\031\126\340}{section.4}% 34
\BOOKMARK [2][-]{subsection.4.5}{\376\377\145\220\154\342\220\243\131\121\145\160\122\027}{section.4}% 35
\BOOKMARK [2][-]{subsection.4.6}{\376\377\173\227\154\325}{section.4}% 36
\BOOKMARK [2][-]{subsection.4.7}{\376\377\176\304\124\010\145\160\133\146\121\154\137\017}{section.4}% 37
\BOOKMARK [2][-]{subsection.4.8}{\376\377\177\026\213\321\123\302\145\160}{section.4}% 38
\BOOKMARK [2][-]{subsection.4.9}{\376\377\217\320\210\114\201\032\147\054}{section.4}% 39
\BOOKMARK [2][-]{subsection.4.10}{\376\377\226\217\147\072\175\040\145\160}{section.4}% 40
