\BOOKMARK [1][-]{section.1}{\376\377\145\160\143\156\176\323\147\204}{}% 1
\BOOKMARK [2][-]{subsection.1.1}{\376\377\000D\000S\000U}{section.1}% 2
\BOOKMARK [2][-]{subsection.1.2}{\376\377\000F\000e\000n\000w\000i\000c\000k}{section.1}% 3
\BOOKMARK [2][-]{subsection.1.3}{\376\377\000S\000T\210\150}{section.1}% 4
\BOOKMARK [2][-]{subsection.1.4}{\376\377\000t\000r\000i\000e}{section.1}% 5
\BOOKMARK [2][-]{subsection.1.5}{\376\377\122\250\140\001\137\000\160\271\176\277\153\265\150\021}{section.1}% 6
\BOOKMARK [2][-]{subsection.1.6}{\376\377\123\072\225\364\117\356\145\071\176\277\153\265\150\021}{section.1}% 7
\BOOKMARK [2][-]{subsection.1.7}{\376\377\154\342\176\271\165\276\215\160\150\021}{section.1}% 8
\BOOKMARK [2][-]{subsection.1.8}{\376\377\173\033\123\141\134\024\150\021}{section.1}% 9
\BOOKMARK [2][-]{subsection.1.9}{\376\377\176\277\153\265\150\021\000\050\147\052\117\356\145\071\000\051\377\010\000S\000e\000g\000m\000e\000n\000t\000T\000r\000e\000e\000+\000I\000n\000f\000o\000\040\122\035\131\313\215\113\120\074\000+\123\125\160\271\117\356\145\071\000+\147\345\142\176\122\115\232\161\124\016\176\347\377\011}{section.1}% 10
\BOOKMARK [2][-]{subsection.1.10}{\376\377\176\277\153\265\150\021\377\010\000S\000e\000g\000m\000e\000n\000t\000T\000r\000e\000e\000+\000I\000n\000f\000o\000\040\122\035\131\313\215\113\120\074\000+\123\125\160\271\117\356\145\071\000+\147\345\142\176\122\115\232\161\124\016\176\347\377\011}{section.1}% 11
\BOOKMARK [1][-]{section.2}{\376\377\126\376\213\272}{}% 12
\BOOKMARK [2][-]{subsection.2.1}{\376\377\000b\000e\000l\000l\000m\000a\000n\000f\000l\000o\000y\000d}{section.2}% 13
\BOOKMARK [2][-]{subsection.2.2}{\376\377\000d\000i\000j\000k}{section.2}% 14
\BOOKMARK [2][-]{subsection.2.3}{\376\377\000d\000i\000n\000i\000c\154\102\147\000\131\047\155\101}{section.2}% 15
\BOOKMARK [2][-]{subsection.2.4}{\376\377\000k\000r\000u\000s\000k\000a\000l}{section.2}% 16
\BOOKMARK [2][-]{subsection.2.5}{\376\377\000p\000r\000i\000m}{section.2}% 17
\BOOKMARK [2][-]{subsection.2.6}{\376\377\000t\000a\000r\000j\000a\000n\122\162\160\271}{section.2}% 18
\BOOKMARK [2][-]{subsection.2.7}{\376\377\000t\000a\000r\000j\000a\000n\154\102\137\072\217\336\220\032\122\006\221\317}{section.2}% 19
\BOOKMARK [2][-]{subsection.2.8}{\376\377\000t\000a\000r\000j\000a\000n\154\102\217\271\123\314\217\336\220\032\122\006\221\317}{section.2}% 20
\BOOKMARK [2][-]{subsection.2.9}{\376\377\123\010\162\131\122\051\173\227\154\325}{section.2}% 21
\BOOKMARK [2][-]{subsection.2.10}{\376\377\147\000\131\047\155\101\147\000\134\017\215\071\165\050}{section.2}% 22
\BOOKMARK [1][-]{section.3}{\376\377\150\021\116\012\225\356\230\230}{}% 23
\BOOKMARK [2][-]{subsection.3.1}{\376\377\000L\000C\000A\000\050\120\015\130\236\000\051}{section.3}% 24
\BOOKMARK [2][-]{subsection.3.2}{\376\377\000L\000C\000A}{section.3}% 25
\BOOKMARK [2][-]{subsection.3.3}{\376\377\221\315\224\376\122\126\122\006}{section.3}% 26
\BOOKMARK [1][-]{section.4}{\376\377\133\127\173\046\116\062}{}% 27
\BOOKMARK [2][-]{subsection.4.1}{\376\377\000K\000M\000P}{section.4}% 28
\BOOKMARK [2][-]{subsection.4.2}{\376\377\000h\000a\000s\000h\000\040\000s\000t\000r\000i\000n\000g}{section.4}% 29
\BOOKMARK [2][-]{subsection.4.3}{\376\377\000t\000r\000i\000e}{section.4}% 30
\BOOKMARK [1][-]{section.5}{\376\377\145\160\133\146}{}% 31
\BOOKMARK [2][-]{subsection.5.1}{\376\377\000e\000x\000g\000c\000d}{section.5}% 32
\BOOKMARK [2][-]{subsection.5.2}{\376\377\000m\000i\000l\000l\000e\000r\000R\000a\000b\000i\000n}{section.5}% 33
\BOOKMARK [2][-]{subsection.5.3}{\376\377\000q\000m\000i}{section.5}% 34
\BOOKMARK [2][-]{subsection.5.4}{\376\377\153\047\142\311\173\133\000\050\124\214\116\000\116\052\145\160\215\050\126\340\145\160\122\006\211\343\000\051}{section.5}% 35
\BOOKMARK [2][-]{subsection.5.5}{\376\377\167\351\226\065}{section.5}% 36
\BOOKMARK [2][-]{subsection.5.6}{\376\377\176\277\140\047\173\133}{section.5}% 37
\BOOKMARK [2][-]{subsection.5.7}{\376\377\176\304\124\010\145\160}{section.5}% 38
\BOOKMARK [1][-]{section.6}{\376\377\213\241\173\227\121\340\117\125}{}% 39
\BOOKMARK [2][-]{subsection.6.1}{\376\377\121\370\123\005}{section.6}% 40
\BOOKMARK [1][-]{section.7}{\376\377\226\104\137\125}{}% 41
\BOOKMARK [2][-]{subsection.7.1}{\376\377\000V\000S\000C\000o\000d\000e\213\276\177\156}{section.7}% 42
\BOOKMARK [2][-]{subsection.7.2}{\376\377\116\222\215\050\166\204\211\304\137\213}{section.7}% 43
\BOOKMARK [2][-]{subsection.7.3}{\376\377\136\070\145\160\210\150}{section.7}% 44
\BOOKMARK [2][-]{subsection.7.4}{\376\377\136\070\211\301\225\031\126\340}{section.7}% 45
\BOOKMARK [2][-]{subsection.7.5}{\376\377\145\220\154\342\220\243\131\121\145\160\122\027}{section.7}% 46
\BOOKMARK [2][-]{subsection.7.6}{\376\377\173\227\154\325}{section.7}% 47
\BOOKMARK [2][-]{subsection.7.7}{\376\377\176\304\124\010\145\160\133\146\121\154\137\017}{section.7}% 48
\BOOKMARK [2][-]{subsection.7.8}{\376\377\177\026\213\321\123\302\145\160}{section.7}% 49
\BOOKMARK [2][-]{subsection.7.9}{\376\377\217\320\210\114\201\032\147\054}{section.7}% 50
\BOOKMARK [2][-]{subsection.7.10}{\376\377\226\217\147\072\175\040\145\160}{section.7}% 51
