\BOOKMARK [1][-]{section.1}{\376\377\145\160\143\156\176\323\147\204}{}% 1
\BOOKMARK [2][-]{subsection.1.1}{\376\377\000S\000T\210\150\000\040\000@\000w\000o\000q\000u\000n\000e\000i\000d\000i}{section.1}% 2
\BOOKMARK [2][-]{subsection.1.2}{\376\377\176\277\153\265\150\021}{section.1}% 3
\BOOKMARK [3][-]{subsubsection.1.2.1}{\376\377\123\072\225\364\117\356\145\071\176\277\153\265\150\021\000\040\000@\000w\000o\000q\000u\000n\000e\000i\000d\000i}{subsection.1.2}% 4
\BOOKMARK [3][-]{subsubsection.1.2.2}{\376\377\176\277\153\265\150\021\000\050\122\035\131\313\215\113\120\074\000+\123\125\160\271\117\356\145\071\000+\147\345\142\176\122\115\232\161\124\016\176\347\000\051\000\040\000@\000w\000o\000q\000u\000n\000e\000i\000d\000i}{subsection.1.2}% 5
\BOOKMARK [3][-]{subsubsection.1.2.3}{\376\377\176\277\153\265\150\021\000\040\000@\000a\000m\000a\000z\000y}{subsection.1.2}% 6
\BOOKMARK [2][-]{subsection.1.3}{\376\377\150\021\162\266\145\160\176\304}{section.1}% 7
\BOOKMARK [3][-]{subsubsection.1.3.1}{\376\377\150\021\162\266\145\160\176\304\000\050\123\072\225\364\117\356\145\071\000\040\000+\000\040\147\345\213\342\000\051\000\040\000@\000a\000m\000a\000z\000y}{subsection.1.3}% 8
\BOOKMARK [3][-]{subsubsection.1.3.2}{\376\377\150\021\162\266\145\160\176\304\000\050\123\125\160\271\117\356\145\071\000\040\000+\000\040\123\072\225\364\147\345\213\342\000\040\000+\000\040\173\054\000k\134\017\120\074\000\051\000\040\000@\000w\000o\000q\000u\000n\000e\000i\000d\000i}{subsection.1.3}% 9
\BOOKMARK [2][-]{subsection.1.4}{\376\377\136\163\210\141\150\021}{section.1}% 10
\BOOKMARK [3][-]{subsubsection.1.4.1}{\376\377\000t\000r\000e\000a\000p\000\040\000@\000a\000m\000a\000z\000y}{subsection.1.4}% 11
\BOOKMARK [2][-]{subsection.1.5}{\376\377\121\166\116\326}{section.1}% 12
\BOOKMARK [3][-]{subsubsection.1.5.1}{\376\377\136\166\147\345\226\306\000\040\000@\000a\000m\000a\000z\000y}{subsection.1.5}% 13
\BOOKMARK [3][-]{subsubsection.1.5.2}{\376\377\163\302\147\065\203\211\000\040\000@\000a\000m\000a\000z\000y}{subsection.1.5}% 14
\BOOKMARK [1][-]{section.2}{\376\377\126\376\213\272}{}% 15
\BOOKMARK [2][-]{subsection.2.1}{\376\377\0002\000-\000S\000A\000T}{section.2}% 16
\BOOKMARK [3][-]{subsubsection.2.1.1}{\376\377\0002\000-\000S\000A\000T\000\040\000@\000S\000o\000n\000g\0004\000u}{subsection.2.1}% 17
\BOOKMARK [2][-]{subsection.2.2}{\376\377\116\214\122\006\126\376}{section.2}% 18
\BOOKMARK [3][-]{subsubsection.2.2.1}{\376\377\116\214\122\006\126\376\147\000\131\047\123\071\221\115\000\040\000@\000S\000o\000n\000g\0004\000u}{subsection.2.2}% 19
\BOOKMARK [3][-]{subsubsection.2.2.2}{\376\377\116\214\122\006\126\376\147\000\131\047\123\071\221\115\000\040\000@\000a\000m\000a\000z\000y}{subsection.2.2}% 20
\BOOKMARK [3][-]{subsubsection.2.2.3}{\376\377\116\214\122\006\126\376\147\000\131\047\147\103\120\074\123\071\221\115\000\040\000@\000S\000o\000n\000g\0004\000u}{subsection.2.2}% 21
\BOOKMARK [3][-]{subsubsection.2.2.4}{\376\377\123\010\162\131\122\051\173\227\154\325\000\040\000@\000w\000o\000q\000u\000n\000e\000i\000d\000i}{subsection.2.2}% 22
\BOOKMARK [2][-]{subsection.2.3}{\376\377\147\000\134\017\165\037\142\020\150\021}{section.2}% 23
\BOOKMARK [3][-]{subsubsection.2.3.1}{\376\377\000B\000o\000r\000u\000v\000k\000a\000\040\000@\000S\000o\000n\000g\0004\000u}{subsection.2.3}% 24
\BOOKMARK [3][-]{subsubsection.2.3.2}{\376\377\000k\000r\000u\000s\000k\000a\000l\000\040\000@\000S\000o\000n\000g\0004\000u}{subsection.2.3}% 25
\BOOKMARK [3][-]{subsubsection.2.3.3}{\376\377\000p\000r\000i\000m\000\040\000@\000S\000o\000n\000g\0004\000u}{subsection.2.3}% 26
\BOOKMARK [2][-]{subsection.2.4}{\376\377\147\000\167\355\215\357}{section.2}% 27
\BOOKMARK [3][-]{subsubsection.2.4.1}{\376\377\000B\000e\000l\000l\000m\000a\000n\000\040\000f\000o\000r\000d\000\040\000@\000S\000o\000n\000g\0004\000u}{subsection.2.4}% 28
\BOOKMARK [3][-]{subsubsection.2.4.2}{\376\377\000F\000l\000o\000y\000d\000\040\000@\000S\000o\000n\000g\0004\000u}{subsection.2.4}% 29
\BOOKMARK [3][-]{subsubsection.2.4.3}{\376\377\000d\000i\000j\000k\000s\000t\000r\000a\000\040\000@\000S\000o\000n\000g\0004\000u}{subsection.2.4}% 30
\BOOKMARK [3][-]{subsubsection.2.4.4}{\376\377\000s\000p\000f\000a\000\040\000@\000S\000o\000n\000g\0004\000u}{subsection.2.4}% 31
\BOOKMARK [2][-]{subsection.2.5}{\376\377\150\021\116\012\173\227\154\325}{section.2}% 32
\BOOKMARK [3][-]{subsubsection.2.5.1}{\376\377\142\151\134\125\150\021\224\376\122\126\122\006\000\040\000@\000a\000m\000a\000z\000y}{subsection.2.5}% 33
\BOOKMARK [3][-]{subsubsection.2.5.2}{\376\377\150\021\224\376\122\126\122\006\000\040\000@\000a\000m\000a\000z\000y}{subsection.2.5}% 34
\BOOKMARK [2][-]{subsection.2.6}{\376\377\177\121\176\334\155\101}{section.2}% 35
\BOOKMARK [3][-]{subsubsection.2.6.1}{\376\377\000d\000i\000n\000i\000c\154\102\147\000\131\047\155\101\000\040\000@\000w\000o\000q\000u\000n\000e\000i\000d\000i}{subsection.2.6}% 36
\BOOKMARK [3][-]{subsubsection.2.6.2}{\376\377\147\000\131\047\155\101\147\000\134\017\215\071\165\050\000\040\000@\000w\000o\000q\000u\000n\000e\000i\000d\000i}{subsection.2.6}% 37
\BOOKMARK [2][-]{subsection.2.7}{\376\377\217\336\220\032\140\047\000\050\000T\000a\000r\000j\000a\000n\000\051}{section.2}% 38
\BOOKMARK [3][-]{subsubsection.2.7.1}{\376\377\000t\000a\000r\000j\000a\000n\000\040\000S\000C\000C\177\051\160\271\000\040\000@\000S\000o\000n\000g\0004\000u}{subsection.2.7}% 39
\BOOKMARK [3][-]{subsubsection.2.7.2}{\376\377\000t\000a\000r\000j\000a\000n\122\162\160\271\000\040\000@\000w\000o\000q\000u\000n\000e\000i\000d\000i}{subsection.2.7}% 40
\BOOKMARK [3][-]{subsubsection.2.7.3}{\376\377\000t\000a\000r\000j\000a\000n\154\102\000e\000D\000C\000C\000\040\000@\000S\000o\000n\000g\0004\000u}{subsection.2.7}% 41
\BOOKMARK [3][-]{subsubsection.2.7.4}{\376\377\000t\000a\000r\000j\000a\000n\154\102\000v\000D\000C\000C\000\040\000@\000S\000o\000n\000g\0004\000u}{subsection.2.7}% 42
\BOOKMARK [3][-]{subsubsection.2.7.5}{\376\377\000t\000a\000r\000j\000a\000n\154\102\137\072\217\336\220\032\122\006\221\317\000\040\000@\000w\000o\000q\000u\000n\000e\000i\000d\000i}{subsection.2.7}% 43
\BOOKMARK [3][-]{subsubsection.2.7.6}{\376\377\000t\000a\000r\000j\000a\000n\154\102\217\271\123\314\217\336\220\032\122\006\221\317\000\040\000@\000w\000o\000q\000u\000n\000e\000i\000d\000i}{subsection.2.7}% 44
\BOOKMARK [3][-]{subsubsection.2.7.7}{\376\377\137\072\217\336\220\032\122\006\221\317\000\040\000@\000a\000m\000a\000z\000y}{subsection.2.7}% 45
\BOOKMARK [3][-]{subsubsection.2.7.8}{\376\377\217\271\123\314\217\336\220\032\122\006\221\317\000\040\000@\000a\000m\000a\000z\000y}{subsection.2.7}% 46
\BOOKMARK [1][-]{section.3}{\376\377\145\160\133\146}{}% 47
\BOOKMARK [2][-]{subsection.3.1}{\376\377\131\032\230\171\137\017}{section.3}% 48
\BOOKMARK [3][-]{subsubsection.3.1.1}{\376\377\000F\000F\000T\000\040\000@\000a\000m\000a\000z\000y}{subsection.3.1}% 49
\BOOKMARK [3][-]{subsubsection.3.1.2}{\376\377\000F\000W\000T\000\040\000@\000a\000m\000a\000z\000y}{subsection.3.1}% 50
\BOOKMARK [3][-]{subsubsection.3.1.3}{\376\377\000M\000T\000T\000\040\000@\000a\000m\000a\000z\000y}{subsection.3.1}% 51
\BOOKMARK [3][-]{subsubsection.3.1.4}{\376\377\000N\000T\000T\000\040\000@\000a\000m\000a\000z\000y}{subsection.3.1}% 52
\BOOKMARK [2][-]{subsection.3.2}{\376\377\145\160\213\272}{section.3}% 53
\BOOKMARK [3][-]{subsubsection.3.2.1}{\376\377\116\214\153\041\122\151\117\131\000\040\000@\000a\000m\000a\000z\000y}{subsection.3.2}% 54
\BOOKMARK [3][-]{subsubsection.3.2.2}{\376\377\142\151\134\125\153\047\121\340\221\314\137\227\000\040\000@\000w\000o\000q\000u\000n\000e\000i\000d\000i}{subsection.3.2}% 55
\BOOKMARK [3][-]{subsubsection.3.2.3}{\376\377\176\277\140\047\173\133\000\040\000@\000a\000m\000a\000z\000y}{subsection.3.2}% 56
\BOOKMARK [2][-]{subsection.3.3}{\376\377\176\277\140\047\116\343\145\160}{section.3}% 57
\BOOKMARK [3][-]{subsubsection.3.3.1}{\376\377\167\351\226\065\137\353\220\037\136\102\000\040\000@\000a\000m\000a\000z\000y}{subsection.3.3}% 58
\BOOKMARK [3][-]{subsubsection.3.3.2}{\376\377\176\277\140\047\127\372\000\040\000@\000a\000m\000a\000z\000y}{subsection.3.3}% 59
\BOOKMARK [2][-]{subsection.3.4}{\376\377\176\304\124\010\145\160\133\146}{section.3}% 60
\BOOKMARK [3][-]{subsubsection.3.4.1}{\376\377\176\304\124\010\145\160\000\040\000@\000a\000m\000a\000z\000y}{subsection.3.4}% 61
\BOOKMARK [3][-]{subsubsection.3.4.2}{\376\377\176\304\124\010\145\160\000\040\000@\000w\000o\000q\000u\000n\000e\000i\000d\000i}{subsection.3.4}% 62
\BOOKMARK [1][-]{section.4}{\376\377\133\127\173\046\116\062}{}% 63
\BOOKMARK [2][-]{subsection.4.1}{\376\377\126\336\145\207\116\062}{section.4}% 64
\BOOKMARK [3][-]{subsubsection.4.1.1}{\376\377\126\336\145\207\201\352\122\250\147\072\000\040\000@\000a\000m\000a\000z\000y}{subsection.4.1}% 65
\BOOKMARK [3][-]{subsubsection.4.1.2}{\376\377\232\154\142\311\217\146\000\040\000@\000a\000m\000a\000z\000y}{subsection.4.1}% 66
\BOOKMARK [2][-]{subsection.4.2}{\376\377\133\127\121\170\150\021}{section.4}% 67
\BOOKMARK [3][-]{subsubsection.4.2.1}{\376\377\0000\0001\133\127\121\170\150\021\000\040\000@\000a\000m\000a\000z\000y}{subsection.4.2}% 68
\BOOKMARK [3][-]{subsubsection.4.2.2}{\376\377\133\127\121\170\150\021\000\040\000@\000a\000m\000a\000z\000y}{subsection.4.2}% 69
\BOOKMARK [3][-]{subsubsection.4.2.3}{\376\377\133\127\121\170\150\021\000\040\000@\000w\000o\000q\000u\000n\000e\000i\000d\000i}{subsection.4.2}% 70
\BOOKMARK [2][-]{subsection.4.3}{\376\377\133\127\173\046\116\062\124\310\136\014}{section.4}% 71
\BOOKMARK [3][-]{subsubsection.4.3.1}{\376\377\133\127\173\046\116\062\124\310\136\014\000\040\000@\000a\000m\000a\000z\000y}{subsection.4.3}% 72
\BOOKMARK [2][-]{subsection.4.4}{\376\377\133\127\173\046\123\071\221\115}{section.4}% 73
\BOOKMARK [3][-]{subsubsection.4.4.1}{\376\377\000A\000C\201\352\122\250\147\072\000\040\000@\000a\000m\000a\000z\000y}{subsection.4.4}% 74
\BOOKMARK [3][-]{subsubsection.4.4.2}{\376\377\000K\000M\000P\000\040\000@\000w\000o\000q\000u\000n\000e\000i\000d\000i}{subsection.4.4}% 75
\BOOKMARK [3][-]{subsubsection.4.4.3}{\376\377\142\151\134\125\000K\000M\000P\000\040\000@\000a\000m\000a\000z\000y}{subsection.4.4}% 76
\BOOKMARK [1][-]{section.5}{\376\377\213\241\173\227\121\340\117\125}{}% 77
\BOOKMARK [2][-]{subsection.5.1}{\376\377\121\370\123\005\000\040\000@\000S\000o\000n\000g\0004\000u}{section.5}% 78
\BOOKMARK [1][-]{section.6}{\376\377\147\102\230\171}{}% 79
\BOOKMARK [2][-]{subsection.6.1}{\376\377\000i\000n\000t\0001\0002\0008\000\040\000@\000a\000m\000a\000z\000y}{section.6}% 80
\BOOKMARK [2][-]{subsection.6.2}{\376\377\116\214\122\006\000\040\116\011\122\006\000\040\000@\000S\000o\000n\000g\0004\000u}{section.6}% 81
\BOOKMARK [2][-]{subsection.6.3}{\376\377\127\372\131\306\142\311\134\024\150\356\121\154\137\017}{section.6}% 82
\BOOKMARK [1][-]{section.7}{\376\377\226\104\137\125}{}% 83
\BOOKMARK [2][-]{subsection.7.1}{\376\377\145\160\133\146\121\154\137\017}{section.7}% 84
\BOOKMARK [2][-]{subsection.7.2}{\376\377\136\070\211\301\225\031\126\340}{section.7}% 85
\BOOKMARK [2][-]{subsection.7.3}{\376\377\116\222\215\050\166\204\211\304\137\213}{section.7}% 86
\BOOKMARK [2][-]{subsection.7.4}{\376\377\136\070\145\160\210\150}{section.7}% 87
\BOOKMARK [2][-]{subsection.7.5}{\376\377\145\220\154\342\220\243\131\121\145\160\122\027}{section.7}% 88
\BOOKMARK [2][-]{subsection.7.6}{\376\377\176\304\124\010\145\160\133\146\121\154\137\017}{section.7}% 89
\BOOKMARK [2][-]{subsection.7.7}{\376\377\226\217\147\072\175\040\145\160}{section.7}% 90
\BOOKMARK [2][-]{subsection.7.8}{\376\377\177\026\213\321\123\302\145\160}{section.7}% 91
