\BOOKMARK [1][-]{section.1}{\376\377\145\160\143\156\176\323\147\204}{}% 1
\BOOKMARK [2][-]{subsection.1.1}{\376\377\000C\000h\000t\000h\000o\000l\000l\000y}{section.1}% 2
\BOOKMARK [2][-]{subsection.1.2}{\376\377\000D\000S\000U}{section.1}% 3
\BOOKMARK [2][-]{subsection.1.3}{\376\377\000F\000e\000n\000w\000i\000c\000k}{section.1}% 4
\BOOKMARK [2][-]{subsection.1.4}{\376\377\000S\000e\000g\000m\000e\000n\000t\000T\000r\000e\000e\000\050\122\250\140\001\137\000\160\271\000\051}{section.1}% 5
\BOOKMARK [2][-]{subsection.1.5}{\376\377\000S\000e\000g\000m\000e\000n\000t\000T\000r\000e\000e}{section.1}% 6
\BOOKMARK [2][-]{subsection.1.6}{\376\377\000S\000p\000a\000r\000s\000e\000T\000a\000b\000l\000e}{section.1}% 7
\BOOKMARK [2][-]{subsection.1.7}{\376\377\000t\000r\000e\000a\000p}{section.1}% 8
\BOOKMARK [1][-]{section.2}{\376\377\126\376\213\272}{}% 9
\BOOKMARK [2][-]{subsection.2.1}{\376\377\000H\000L\000D}{section.2}% 10
\BOOKMARK [2][-]{subsection.2.2}{\376\377\000H\000L\000D\000\040\000e\000x\000t\000e\000n\000d}{section.2}% 11
\BOOKMARK [2][-]{subsection.2.3}{\376\377\000H\000o\000p\000c\000r\000o\000f\000t\000K\000a\000r\000p}{section.2}% 12
\BOOKMARK [2][-]{subsection.2.4}{\376\377\000L\000C\000A}{section.2}% 13
\BOOKMARK [2][-]{subsection.2.5}{\376\377\000T\000a\000r\000j\000a\000n\000E\000B\000C\000C}{section.2}% 14
\BOOKMARK [2][-]{subsection.2.6}{\376\377\000T\000a\000r\000j\000a\000n\000S\000C\000C}{section.2}% 15
\BOOKMARK [1][-]{section.3}{\376\377\133\127\173\046\116\062}{}% 16
\BOOKMARK [2][-]{subsection.3.1}{\376\377\0000\0001\000t\000i\000r\000e}{section.3}% 17
\BOOKMARK [2][-]{subsection.3.2}{\376\377\000A\000h\000o\000C\000o\000r\000a\000s\000i\000c\000k}{section.3}% 18
\BOOKMARK [2][-]{subsection.3.3}{\376\377\000P\000A\000M}{section.3}% 19
\BOOKMARK [2][-]{subsection.3.4}{\376\377\000S\000t\000r\000i\000n\000g\000H\000a\000s\000h}{section.3}% 20
\BOOKMARK [2][-]{subsection.3.5}{\376\377\000Z}{section.3}% 21
\BOOKMARK [2][-]{subsection.3.6}{\376\377\000m\000a\000n\000a\000c\000h\000e\000r}{section.3}% 22
\BOOKMARK [2][-]{subsection.3.7}{\376\377\000t\000r\000i\000e}{section.3}% 23
\BOOKMARK [1][-]{section.4}{\376\377\145\160\133\146}{}% 24
\BOOKMARK [2][-]{subsection.4.1}{\376\377\000B\000i\000g\000N\000u\000m}{section.4}% 25
\BOOKMARK [2][-]{subsection.4.2}{\376\377\000C\000o\000m\000b}{section.4}% 26
\BOOKMARK [2][-]{subsection.4.3}{\376\377\000F\000F\000T}{section.4}% 27
\BOOKMARK [2][-]{subsection.4.4}{\376\377\000F\000W\000T}{section.4}% 28
\BOOKMARK [2][-]{subsection.4.5}{\376\377\000L\000i\000n\000e\000a\000r\000B\000a\000s\000i\000s}{section.4}% 29
\BOOKMARK [2][-]{subsection.4.6}{\376\377\000L\000i\000n\000e\000a\000r\000S\000i\000e\000v\000e}{section.4}% 30
\BOOKMARK [2][-]{subsection.4.7}{\376\377\000M\000T\000T}{section.4}% 31
\BOOKMARK [2][-]{subsection.4.8}{\376\377\000M\000a\000t\000r\000i\000x}{section.4}% 32
\BOOKMARK [2][-]{subsection.4.9}{\376\377\000N\000T\000T}{section.4}% 33
\BOOKMARK [2][-]{subsection.4.10}{\376\377\000f\000a\000s\000t\000\040\000p\000o\000w}{section.4}% 34
\BOOKMARK [2][-]{subsection.4.11}{\376\377\000s\000q\000r\000t\000\040\000m\000o\000d}{section.4}% 35
\BOOKMARK [1][-]{section.5}{\376\377\226\104\137\125}{}% 36
\BOOKMARK [2][-]{subsection.5.1}{\376\377\000V\000S\000C\000o\000d\000e\213\276\177\156}{section.5}% 37
\BOOKMARK [2][-]{subsection.5.2}{\376\377\116\222\215\050\166\204\211\304\137\213}{section.5}% 38
\BOOKMARK [2][-]{subsection.5.3}{\376\377\136\070\145\160\210\150}{section.5}% 39
\BOOKMARK [2][-]{subsection.5.4}{\376\377\136\070\211\301\225\031\126\340}{section.5}% 40
\BOOKMARK [2][-]{subsection.5.5}{\376\377\145\220\154\342\220\243\131\121\145\160\122\027}{section.5}% 41
\BOOKMARK [2][-]{subsection.5.6}{\376\377\173\227\154\325}{section.5}% 42
\BOOKMARK [2][-]{subsection.5.7}{\376\377\176\304\124\010\145\160\133\146\121\154\137\017}{section.5}% 43
\BOOKMARK [2][-]{subsection.5.8}{\376\377\177\026\213\321\123\302\145\160}{section.5}% 44
\BOOKMARK [2][-]{subsection.5.9}{\376\377\217\320\210\114\201\032\147\054}{section.5}% 45
\BOOKMARK [2][-]{subsection.5.10}{\376\377\226\217\147\072\175\040\145\160}{section.5}% 46
